<?xml version="1.0" encoding="UTF-8"?>
<testsuite xmlns:xsi="http://www.w3.org/2001/XMLSchema-instance" xsi:noNamespaceSchemaLocation="https://maven.apache.org/surefire/maven-surefire-plugin/xsd/surefire-test-report-3.0.xsd" version="3.0" name="com.kuwa.FunctionTest" time="0.289" tests="1" errors="0" skipped="0" failures="0">
  <properties>
    <property name="awt.toolkit" value="sun.awt.X11.XToolkit"/>
    <property name="file.encoding.pkg" value="sun.io"/>
    <property name="java.specification.version" value="1.8"/>
    <property name="sun.cpu.isalist" value=""/>
    <property name="sun.jnu.encoding" value="UTF-8"/>
    <property name="java.class.path" value="/workspaces/azure-functions-sample/sample/target/test-classes:/workspaces/azure-functions-sample/sample/target/classes:/home/vscode/.m2/repository/com/microsoft/azure/functions/azure-functions-java-library/2.2.0/azure-functions-java-library-2.2.0.jar:/home/vscode/.m2/repository/com/microsoft/azure/functions/azure-functions-java-core-library/1.2.0/azure-functions-java-core-library-1.2.0.jar:/home/vscode/.m2/repository/org/junit/jupiter/junit-jupiter/5.4.2/junit-jupiter-5.4.2.jar:/home/vscode/.m2/repository/org/junit/jupiter/junit-jupiter-api/5.4.2/junit-jupiter-api-5.4.2.jar:/home/vscode/.m2/repository/org/apiguardian/apiguardian-api/1.0.0/apiguardian-api-1.0.0.jar:/home/vscode/.m2/repository/org/opentest4j/opentest4j/1.1.1/opentest4j-1.1.1.jar:/home/vscode/.m2/repository/org/junit/platform/junit-platform-commons/1.4.2/junit-platform-commons-1.4.2.jar:/home/vscode/.m2/repository/org/junit/jupiter/junit-jupiter-params/5.4.2/junit-jupiter-params-5.4.2.jar:/home/vscode/.m2/repository/org/junit/jupiter/junit-jupiter-engine/5.4.2/junit-jupiter-engine-5.4.2.jar:/home/vscode/.m2/repository/org/junit/platform/junit-platform-engine/1.4.2/junit-platform-engine-1.4.2.jar:/home/vscode/.m2/repository/org/mockito/mockito-core/2.23.4/mockito-core-2.23.4.jar:/home/vscode/.m2/repository/net/bytebuddy/byte-buddy/1.9.3/byte-buddy-1.9.3.jar:/home/vscode/.m2/repository/net/bytebuddy/byte-buddy-agent/1.9.3/byte-buddy-agent-1.9.3.jar:/home/vscode/.m2/repository/org/objenesis/objenesis/2.6/objenesis-2.6.jar:"/>
    <property name="java.vm.vendor" value="Temurin"/>
    <property name="sun.arch.data.model" value="64"/>
    <property name="java.vendor.url" value="https://adoptium.net/"/>
    <property name="user.timezone" value="Etc/UTC"/>
    <property name="java.vm.specification.version" value="1.8"/>
    <property name="os.name" value="Linux"/>
    <property name="user.country" value="US"/>
    <property name="sun.java.launcher" value="SUN_STANDARD"/>
    <property name="sun.boot.library.path" value="/usr/local/sdkman/candidates/java/8.0.372-tem/jre/lib/amd64"/>
    <property name="sun.java.command" value="/workspaces/azure-functions-sample/sample/target/surefire/surefirebooter-20241006164346790_3.jar /workspaces/azure-functions-sample/sample/target/surefire 2024-10-06T16-43-46_721-jvmRun1 surefire-20241006164346790_1tmp surefire_0-20241006164346790_2tmp"/>
    <property name="surefire.test.class.path" value="/workspaces/azure-functions-sample/sample/target/test-classes:/workspaces/azure-functions-sample/sample/target/classes:/home/vscode/.m2/repository/com/microsoft/azure/functions/azure-functions-java-library/2.2.0/azure-functions-java-library-2.2.0.jar:/home/vscode/.m2/repository/com/microsoft/azure/functions/azure-functions-java-core-library/1.2.0/azure-functions-java-core-library-1.2.0.jar:/home/vscode/.m2/repository/org/junit/jupiter/junit-jupiter/5.4.2/junit-jupiter-5.4.2.jar:/home/vscode/.m2/repository/org/junit/jupiter/junit-jupiter-api/5.4.2/junit-jupiter-api-5.4.2.jar:/home/vscode/.m2/repository/org/apiguardian/apiguardian-api/1.0.0/apiguardian-api-1.0.0.jar:/home/vscode/.m2/repository/org/opentest4j/opentest4j/1.1.1/opentest4j-1.1.1.jar:/home/vscode/.m2/repository/org/junit/platform/junit-platform-commons/1.4.2/junit-platform-commons-1.4.2.jar:/home/vscode/.m2/repository/org/junit/jupiter/junit-jupiter-params/5.4.2/junit-jupiter-params-5.4.2.jar:/home/vscode/.m2/repository/org/junit/jupiter/junit-jupiter-engine/5.4.2/junit-jupiter-engine-5.4.2.jar:/home/vscode/.m2/repository/org/junit/platform/junit-platform-engine/1.4.2/junit-platform-engine-1.4.2.jar:/home/vscode/.m2/repository/org/mockito/mockito-core/2.23.4/mockito-core-2.23.4.jar:/home/vscode/.m2/repository/net/bytebuddy/byte-buddy/1.9.3/byte-buddy-1.9.3.jar:/home/vscode/.m2/repository/net/bytebuddy/byte-buddy-agent/1.9.3/byte-buddy-agent-1.9.3.jar:/home/vscode/.m2/repository/org/objenesis/objenesis/2.6/objenesis-2.6.jar:"/>
    <property name="sun.cpu.endian" value="little"/>
    <property name="user.home" value="/home/vscode"/>
    <property name="user.language" value="en"/>
    <property name="java.specification.vendor" value="Oracle Corporation"/>
    <property name="java.home" value="/usr/local/sdkman/candidates/java/8.0.372-tem/jre"/>
    <property name="basedir" value="/workspaces/azure-functions-sample/sample"/>
    <property name="file.separator" value="/"/>
    <property name="line.separator" value="&#10;"/>
    <property name="java.vm.specification.vendor" value="Oracle Corporation"/>
    <property name="java.specification.name" value="Java Platform API Specification"/>
    <property name="java.awt.graphicsenv" value="sun.awt.X11GraphicsEnvironment"/>
    <property name="surefire.real.class.path" value="/workspaces/azure-functions-sample/sample/target/surefire/surefirebooter-20241006164346790_3.jar"/>
    <property name="sun.boot.class.path" value="/usr/local/sdkman/candidates/java/8.0.372-tem/jre/lib/resources.jar:/usr/local/sdkman/candidates/java/8.0.372-tem/jre/lib/rt.jar:/usr/local/sdkman/candidates/java/8.0.372-tem/jre/lib/sunrsasign.jar:/usr/local/sdkman/candidates/java/8.0.372-tem/jre/lib/jsse.jar:/usr/local/sdkman/candidates/java/8.0.372-tem/jre/lib/jce.jar:/usr/local/sdkman/candidates/java/8.0.372-tem/jre/lib/charsets.jar:/usr/local/sdkman/candidates/java/8.0.372-tem/jre/lib/jfr.jar:/usr/local/sdkman/candidates/java/8.0.372-tem/jre/classes"/>
    <property name="sun.management.compiler" value="HotSpot 64-Bit Tiered Compilers"/>
    <property name="java.runtime.version" value="1.8.0_372-b07"/>
    <property name="user.name" value="vscode"/>
    <property name="path.separator" value=":"/>
    <property name="os.version" value="5.15.133.1-microsoft-standard-WSL2"/>
    <property name="java.endorsed.dirs" value="/usr/local/sdkman/candidates/java/8.0.372-tem/jre/lib/endorsed"/>
    <property name="java.runtime.name" value="OpenJDK Runtime Environment"/>
    <property name="file.encoding" value="UTF-8"/>
    <property name="java.vm.name" value="OpenJDK 64-Bit Server VM"/>
    <property name="localRepository" value="/home/vscode/.m2/repository"/>
    <property name="java.vendor.url.bug" value="https://github.com/adoptium/adoptium-support/issues"/>
    <property name="java.io.tmpdir" value="/tmp"/>
    <property name="java.version" value="1.8.0_372"/>
    <property name="user.dir" value="/workspaces/azure-functions-sample/sample"/>
    <property name="os.arch" value="amd64"/>
    <property name="java.vm.specification.name" value="Java Virtual Machine Specification"/>
    <property name="java.awt.printerjob" value="sun.print.PSPrinterJob"/>
    <property name="sun.os.patch.level" value="unknown"/>
    <property name="java.library.path" value="/usr/java/packages/lib/amd64:/usr/lib64:/lib64:/lib:/usr/lib"/>
    <property name="java.vm.info" value="mixed mode"/>
    <property name="java.vendor" value="Temurin"/>
    <property name="java.vm.version" value="25.372-b07"/>
    <property name="java.specification.maintenance.version" value="4"/>
    <property name="java.ext.dirs" value="/usr/local/sdkman/candidates/java/8.0.372-tem/jre/lib/ext:/usr/java/packages/lib/ext"/>
    <property name="sun.io.unicode.encoding" value="UnicodeLittle"/>
    <property name="java.class.version" value="52.0"/>
  </properties>
  <testcase name="testHttpTriggerJava" classname="com.kuwa.FunctionTest" time="0.28">
    <system-err><![CDATA[Oct 06, 2024 4:43:47 PM com.kuwa.Function run
INFO: Java HTTP trigger processed a request.
]]></system-err>
  </testcase>
</testsuite>